2025-04-06T21:04:13.221+05:30  INFO 5024 --- [userservice] [main] c.u.userservice.UserserviceApplication   : Starting UserserviceApplication using Java 22.0.1 with PID 5024 (D:\learn-microservices\userservice\userservice\target\classes started by harsh in D:\learn-microservices\userservice\userservice)
2025-04-06T21:04:13.224+05:30  INFO 5024 --- [userservice] [main] c.u.userservice.UserserviceApplication   : The following 1 profile is active: "dev"
2025-04-06T21:04:13.281+05:30  INFO 5024 --- [userservice] [main] o.s.c.c.c.ConfigServerConfigDataLoader   : Fetching config from server at : http://localhost:8085
2025-04-06T21:04:13.281+05:30  INFO 5024 --- [userservice] [main] o.s.c.c.c.ConfigServerConfigDataLoader   : Located environment: name=userservice, profiles=[default], label=null, version=968169f8c202b947734c66c5a100848aaed83cea, state=
2025-04-06T21:04:13.282+05:30  INFO 5024 --- [userservice] [main] o.s.c.c.c.ConfigServerConfigDataLoader   : Fetching config from server at : http://localhost:8085
2025-04-06T21:04:13.282+05:30  INFO 5024 --- [userservice] [main] o.s.c.c.c.ConfigServerConfigDataLoader   : Located environment: name=userservice, profiles=[dev], label=null, version=968169f8c202b947734c66c5a100848aaed83cea, state=
2025-04-06T21:04:15.045+05:30  INFO 5024 --- [userservice] [main] .s.d.r.c.RepositoryConfigurationDelegate : Bootstrapping Spring Data JPA repositories in DEFAULT mode.
2025-04-06T21:04:15.259+05:30  INFO 5024 --- [userservice] [main] .s.d.r.c.RepositoryConfigurationDelegate : Finished Spring Data repository scanning in 190 ms. Found 1 JPA repository interface.
2025-04-06T21:04:15.784+05:30  INFO 5024 --- [userservice] [main] o.s.cloud.context.scope.GenericScope     : BeanFactory id=ef254c8a-4d96-32ff-b58c-71d0cc1a495e
2025-04-06T21:04:16.850+05:30  INFO 5024 --- [userservice] [main] o.s.b.w.embedded.tomcat.TomcatWebServer  : Tomcat initialized with port 8081 (http)
2025-04-06T21:04:16.872+05:30  INFO 5024 --- [userservice] [main] o.apache.catalina.core.StandardService   : Starting service [Tomcat]
2025-04-06T21:04:16.872+05:30  INFO 5024 --- [userservice] [main] o.apache.catalina.core.StandardEngine    : Starting Servlet engine: [Apache Tomcat/10.1.36]
2025-04-06T21:04:16.977+05:30  INFO 5024 --- [userservice] [main] o.a.c.c.C.[Tomcat].[localhost].[/]       : Initializing Spring embedded WebApplicationContext
2025-04-06T21:04:16.977+05:30  INFO 5024 --- [userservice] [main] w.s.c.ServletWebServerApplicationContext : Root WebApplicationContext: initialization completed in 3693 ms
2025-04-06T21:04:17.667+05:30  INFO 5024 --- [userservice] [main] o.hibernate.jpa.internal.util.LogHelper  : HHH000204: Processing PersistenceUnitInfo [name: default]
2025-04-06T21:04:17.773+05:30  INFO 5024 --- [userservice] [main] org.hibernate.Version                    : HHH000412: Hibernate ORM core version 6.6.8.Final
2025-04-06T21:04:17.837+05:30  INFO 5024 --- [userservice] [main] o.h.c.internal.RegionFactoryInitiator    : HHH000026: Second-level cache disabled
2025-04-06T21:04:18.326+05:30  INFO 5024 --- [userservice] [main] o.s.o.j.p.SpringPersistenceUnitInfo      : No LoadTimeWeaver setup: ignoring JPA class transformer
2025-04-06T21:04:18.375+05:30  INFO 5024 --- [userservice] [main] com.zaxxer.hikari.HikariDataSource       : HikariPool-1 - Starting...
2025-04-06T21:04:18.949+05:30  INFO 5024 --- [userservice] [main] com.zaxxer.hikari.pool.HikariPool        : HikariPool-1 - Added connection com.mysql.cj.jdbc.ConnectionImpl@10efb806
2025-04-06T21:04:18.953+05:30  INFO 5024 --- [userservice] [main] com.zaxxer.hikari.HikariDataSource       : HikariPool-1 - Start completed.
2025-04-06T21:04:19.032+05:30  WARN 5024 --- [userservice] [main] org.hibernate.orm.deprecation            : HHH90000025: MySQLDialect does not need to be specified explicitly using 'hibernate.dialect' (remove the property setting and it will be selected by default)
2025-04-06T21:04:19.074+05:30  INFO 5024 --- [userservice] [main] org.hibernate.orm.connections.pooling    : HHH10001005: Database info:
	Database JDBC URL [Connecting through datasource 'HikariDataSource (HikariPool-1)']
	Database driver: undefined/unknown
	Database version: 9.1
	Autocommit mode: undefined/unknown
	Isolation level: undefined/unknown
	Minimum pool size: undefined/unknown
	Maximum pool size: undefined/unknown
2025-04-06T21:04:20.586+05:30  INFO 5024 --- [userservice] [main] o.h.e.t.j.p.i.JtaPlatformInitiator       : HHH000489: No JTA platform available (set 'hibernate.transaction.jta.platform' to enable JTA platform integration)
2025-04-06T21:04:20.659+05:30  INFO 5024 --- [userservice] [main] j.LocalContainerEntityManagerFactoryBean : Initialized JPA EntityManagerFactory for persistence unit 'default'
2025-04-06T21:04:21.323+05:30  WARN 5024 --- [userservice] [main] JpaBaseConfiguration$JpaWebConfiguration : spring.jpa.open-in-view is enabled by default. Therefore, database queries may be performed during view rendering. Explicitly configure spring.jpa.open-in-view to disable this warning
2025-04-06T21:04:22.265+05:30  INFO 5024 --- [userservice] [main] o.s.c.openfeign.FeignClientFactoryBean   : For 'RATINGSERVICE' URL not provided. Will try picking an instance via load-balancing.
2025-04-06T21:04:22.413+05:30  INFO 5024 --- [userservice] [main] o.s.c.openfeign.FeignClientFactoryBean   : For 'HOTELSERVICE' URL not provided. Will try picking an instance via load-balancing.
2025-04-06T21:04:22.542+05:30  INFO 5024 --- [userservice] [main] eAuthenticationProviderManagerConfigurer : Global AuthenticationManager configured with AuthenticationProvider bean with name authenticationProvider
2025-04-06T21:04:22.543+05:30  WARN 5024 --- [userservice] [main] r$InitializeUserDetailsManagerConfigurer : Global AuthenticationManager configured with an AuthenticationProvider bean. UserDetailsService beans will not be used by Spring Security for automatically configuring username/password login. Consider removing the AuthenticationProvider bean. Alternatively, consider using the UserDetailsService in a manually instantiated DaoAuthenticationProvider. If the current configuration is intentional, to turn off this warning, increase the logging level of 'org.springframework.security.config.annotation.authentication.configuration.InitializeUserDetailsBeanManagerConfigurer' to ERROR
2025-04-06T21:04:24.059+05:30  INFO 5024 --- [userservice] [main] o.s.b.a.e.web.EndpointLinksResolver      : Exposing 1 endpoint beneath base path '/actuator'
2025-04-06T21:04:25.380+05:30  INFO 5024 --- [userservice] [main] DiscoveryClientOptionalArgsConfiguration : Eureka HTTP Client uses RestTemplate.
2025-04-06T21:04:25.485+05:30  WARN 5024 --- [userservice] [main] iguration$LoadBalancerCaffeineWarnLogger : Spring Cloud LoadBalancer is currently working with the default cache. While this cache implementation is useful for development and tests, it's recommended to use Caffeine cache in production.You can switch to using Caffeine cache, by adding it and org.springframework.cache.caffeine.CaffeineCacheManager to the classpath.
2025-04-06T21:04:25.643+05:30  INFO 5024 --- [userservice] [main] o.s.c.n.eureka.InstanceInfoFactory       : Setting initial instance status as: STARTING
2025-04-06T21:04:25.680+05:30  INFO 5024 --- [userservice] [main] com.netflix.discovery.DiscoveryClient    : Initializing Eureka in region us-east-1
2025-04-06T21:04:25.685+05:30  INFO 5024 --- [userservice] [main] c.n.d.s.r.aws.ConfigClusterResolver      : Resolving eureka endpoints via configuration
2025-04-06T21:04:25.697+05:30  INFO 5024 --- [userservice] [main] com.netflix.discovery.DiscoveryClient    : Disable delta property : false
2025-04-06T21:04:25.697+05:30  INFO 5024 --- [userservice] [main] com.netflix.discovery.DiscoveryClient    : Single vip registry refresh property : null
2025-04-06T21:04:25.697+05:30  INFO 5024 --- [userservice] [main] com.netflix.discovery.DiscoveryClient    : Force full registry fetch : false
2025-04-06T21:04:25.698+05:30  INFO 5024 --- [userservice] [main] com.netflix.discovery.DiscoveryClient    : Application is null : false
2025-04-06T21:04:25.698+05:30  INFO 5024 --- [userservice] [main] com.netflix.discovery.DiscoveryClient    : Registered Applications size is zero : true
2025-04-06T21:04:25.698+05:30  INFO 5024 --- [userservice] [main] com.netflix.discovery.DiscoveryClient    : Application version is -1: true
2025-04-06T21:04:25.698+05:30  INFO 5024 --- [userservice] [main] com.netflix.discovery.DiscoveryClient    : Getting all instance registry info from the eureka server
2025-04-06T21:04:26.092+05:30  INFO 5024 --- [userservice] [main] com.netflix.discovery.DiscoveryClient    : The response status is 200
2025-04-06T21:04:26.096+05:30  INFO 5024 --- [userservice] [main] com.netflix.discovery.DiscoveryClient    : Starting heartbeat executor: renew interval is: 30
2025-04-06T21:04:26.099+05:30  INFO 5024 --- [userservice] [main] c.n.discovery.InstanceInfoReplicator     : InstanceInfoReplicator onDemand update allowed rate per min is 4
2025-04-06T21:04:26.100+05:30  INFO 5024 --- [userservice] [main] com.netflix.discovery.DiscoveryClient    : Discovery Client initialized at timestamp 1743953666100 with initial instances count: 5
2025-04-06T21:04:26.121+05:30  INFO 5024 --- [userservice] [main] o.s.c.n.e.s.EurekaServiceRegistry        : Registering application USERSERVICE with eureka with status UP
2025-04-06T21:04:26.121+05:30  INFO 5024 --- [userservice] [main] com.netflix.discovery.DiscoveryClient    : Saw local status change event StatusChangeEvent [timestamp=1743953666121, current=UP, previous=STARTING]
2025-04-06T21:04:26.123+05:30  INFO 5024 --- [userservice] [DiscoveryClient-InstanceInfoReplicator-%d] com.netflix.discovery.DiscoveryClient    : DiscoveryClient_USERSERVICE/DESKTOP-MJH6QCC.mshome.net:userservice:8081: registering service...
2025-04-06T21:04:26.162+05:30  INFO 5024 --- [userservice] [main] o.s.b.w.embedded.tomcat.TomcatWebServer  : Tomcat started on port 8081 (http) with context path '/'
2025-04-06T21:04:26.163+05:30  INFO 5024 --- [userservice] [main] .s.c.n.e.s.EurekaAutoServiceRegistration : Updating port to 8081
2025-04-06T21:04:26.189+05:30  INFO 5024 --- [userservice] [main] c.u.userservice.UserserviceApplication   : Started UserserviceApplication in 16.346 seconds (process running for 18.161)
2025-04-06T21:04:26.189+05:30  INFO 5024 --- [userservice] [DiscoveryClient-InstanceInfoReplicator-%d] com.netflix.discovery.DiscoveryClient    : DiscoveryClient_USERSERVICE/DESKTOP-MJH6QCC.mshome.net:userservice:8081 - registration status: 204
2025-04-06T21:04:26.724+05:30  INFO 5024 --- [userservice] [RMI TCP Connection(2)-192.168.216.210] o.a.c.c.C.[Tomcat].[localhost].[/]       : Initializing Spring DispatcherServlet 'dispatcherServlet'
2025-04-06T21:04:26.725+05:30  INFO 5024 --- [userservice] [RMI TCP Connection(2)-192.168.216.210] o.s.web.servlet.DispatcherServlet        : Initializing Servlet 'dispatcherServlet'
2025-04-06T21:04:26.728+05:30  INFO 5024 --- [userservice] [RMI TCP Connection(2)-192.168.216.210] o.s.web.servlet.DispatcherServlet        : Completed initialization in 3 ms
2025-04-06T21:04:48.298+05:30  INFO 5024 --- [userservice] [http-nio-8081-exec-1] c.u.userservice.services.UserService     : USER-SERVICE : Ratings count 1
2025-04-06T21:07:34.950+05:30  INFO 5024 --- [userservice] [SpringApplicationShutdownHook] o.s.c.n.e.s.EurekaServiceRegistry        : Unregistering application USERSERVICE with eureka with status DOWN
2025-04-06T21:07:35.009+05:30  INFO 5024 --- [userservice] [SpringApplicationShutdownHook] com.netflix.discovery.DiscoveryClient    : Saw local status change event StatusChangeEvent [timestamp=1743953855009, current=DOWN, previous=UP]
2025-04-06T21:07:35.020+05:30  INFO 5024 --- [userservice] [DiscoveryClient-InstanceInfoReplicator-%d] com.netflix.discovery.DiscoveryClient    : DiscoveryClient_USERSERVICE/DESKTOP-MJH6QCC.mshome.net:userservice:8081: registering service...
2025-04-06T21:07:35.152+05:30  INFO 5024 --- [userservice] [DiscoveryClient-InstanceInfoReplicator-%d] com.netflix.discovery.DiscoveryClient    : DiscoveryClient_USERSERVICE/DESKTOP-MJH6QCC.mshome.net:userservice:8081 - registration status: 204
2025-04-06T21:07:35.338+05:30  INFO 5024 --- [userservice] [SpringApplicationShutdownHook] o.s.b.w.e.tomcat.GracefulShutdown        : Commencing graceful shutdown. Waiting for active requests to complete
2025-04-06T21:07:35.418+05:30  INFO 5024 --- [userservice] [tomcat-shutdown] o.s.b.w.e.tomcat.GracefulShutdown        : Graceful shutdown complete
2025-04-06T21:07:35.684+05:30  INFO 5024 --- [userservice] [SpringApplicationShutdownHook] j.LocalContainerEntityManagerFactoryBean : Closing JPA EntityManagerFactory for persistence unit 'default'
2025-04-06T21:07:35.815+05:30  INFO 5024 --- [userservice] [SpringApplicationShutdownHook] com.zaxxer.hikari.HikariDataSource       : HikariPool-1 - Shutdown initiated...
2025-04-06T21:07:36.064+05:30  INFO 5024 --- [userservice] [SpringApplicationShutdownHook] com.zaxxer.hikari.HikariDataSource       : HikariPool-1 - Shutdown completed.
2025-04-06T21:07:36.142+05:30  INFO 5024 --- [userservice] [SpringApplicationShutdownHook] com.netflix.discovery.DiscoveryClient    : Shutting down DiscoveryClient ...
2025-04-06T21:07:39.158+05:30  INFO 5024 --- [userservice] [SpringApplicationShutdownHook] com.netflix.discovery.DiscoveryClient    : Unregistering ...
2025-04-06T21:07:39.219+05:30  INFO 5024 --- [userservice] [SpringApplicationShutdownHook] com.netflix.discovery.DiscoveryClient    : DiscoveryClient_USERSERVICE/DESKTOP-MJH6QCC.mshome.net:userservice:8081 - deregister  status: 200
2025-04-06T21:07:39.220+05:30  INFO 5024 --- [userservice] [SpringApplicationShutdownHook] com.netflix.discovery.DiscoveryClient    : Completed shut down of DiscoveryClient
